<?xml version="1.0" encoding="UTF-8"?>
<!-- Generated by org.testng.reporters.JUnitReportReporter -->
<testsuite hostname="Gattupallis-MacBook-Pro.local" failures="0" tests="1" name="ios.FirstTest" time="24.604" errors="0" timestamp="22 Nov 2023 17:09:51 GMT">
  <testcase classname="ios.FirstTest" name="test" time="24.604"/>
</testsuite> <!-- ios.FirstTest -->
