<?xml version="1.0" encoding="UTF-8"?>
<!-- Generated by org.testng.reporters.JUnitReportReporter -->
<testsuite hostname="Gattupallis-MacBook-Pro.local" failures="0" tests="1" name="com.browserstack.run_first_test.android.FirstTest" time="495.208" errors="0" timestamp="26 Nov 2023 03:41:35 GMT">
  <testcase classname="com.browserstack.run_first_test.android.FirstTest" name="test" time="495.208"/>
</testsuite> <!-- com.browserstack.run_first_test.android.FirstTest -->
