<?xml version="1.0" encoding="UTF-8"?>
<!-- Generated by org.testng.reporters.JUnitReportReporter -->
<testsuite hostname="WKWZTFAcKo4iYHw" failures="0" tests="1" name="com.browserstack.run_first_test.FirstTest" time="35.819" errors="0" timestamp="22 Nov 2023 12:14:44 GMT">
  <testcase classname="com.browserstack.run_first_test.FirstTest" name="test" time="35.819"/>
</testsuite> <!-- com.browserstack.run_first_test.FirstTest -->
