<?xml version="1.0" encoding="UTF-8"?>
<!-- Generated by org.testng.reporters.JUnitReportReporter -->
<testsuite hostname="Gattupallis-MacBook-Pro.local" failures="0" tests="1" name="com.browserstack.run_first_test.android.FirstTest" time="31.691" errors="0" timestamp="26 Nov 2023 23:07:00 GMT">
  <testcase classname="com.browserstack.run_first_test.android.FirstTest" name="test" time="31.691"/>
</testsuite> <!-- com.browserstack.run_first_test.android.FirstTest -->
