<?xml version="1.0" encoding="UTF-8"?>
<!-- Generated by org.testng.reporters.JUnitReportReporter -->
<testsuite hostname="Gattupallis-MacBook-Pro.local" failures="0" tests="1" name="ios.FirstTest" time="29.405" errors="0" timestamp="26 Nov 2023 23:07:00 GMT">
  <testcase classname="ios.FirstTest" name="test" time="29.405"/>
</testsuite> <!-- ios.FirstTest -->
